<?xml version="1.0" encoding="UTF-8"?>
<!-- Generated by org.testng.reporters.JUnitXMLReporter -->
<testsuite hostname="jay-H110M-H" name="Test Case" tests="1" failures="1" timestamp="19 Jul 2019 20:02:07 GMT" time="0.349" errors="0">
  <testcase name="getUsers" time="0.334" classname="com.test.testing.TestApi">
    <failure type="java.lang.AssertionError" message="expected [200] but found [404]">
      <![CDATA[java.lang.AssertionError: expected [200] but found [404]
	at com.test.testing.TestApi.getUsers(TestApi.java:26)
... Removed 29 stack frames]]>
    </failure>
  </testcase> <!-- getUsers -->
</testsuite> <!-- Test Case -->
